Server is running on 5000
Successfully connected to MongoDB
Pobrano produkty
Produkt dodany
Pobrano produkty
Pobrano produkty
Pobrano produkty
Pobrano produkty
Produkt usunięty
Pobrano produkty
Pobrano produkty
Pobrano produkty
Pobrano produkty
Pobrano produkty
Pobrano produkty
Posegregowano produkty po średniej ocenie
Pobrano produkty po cenie
Pobrano produkty
Komentarz edytowany
Pobrano produkty
Komentarz edytowany
Pobrano produkty
Pobrano produkty
Pobrano produkty
Pobrano produkty
Wyszukano produkty
Posegregowano produkty po ilości komentarzy
Posegregowano marki po ilości produktów
Produkt usunięty
Pobrano produkty
Pobrano produkty
Pobrano produkty
Pobrano produkty
Pobrano produkty
Pobrano produkty
Pobrano produkty
Pobrano produkty
Pobrano produkty
Pobrano produkty
Pobrano produkty
Pobrano produkty
Pobrano produkty
Pobrano produkty
Pobrano produkty
Komentarz edytowany
Pobrano produkty
Pobrano produkty
Komentarz edytowany
Pobrano produkty
